<?xml version="1.0" encoding="UTF-8" ?>
<testsuite failures="0" time="0.012" errors="0" skipped="0" tests="9" name="com.example.service.ShoppingCartServiceTest">
  <properties>
[...]
</properties>
  <testcase time="0" classname="com.example.service.ShoppingCartServiceTest" name="testAddItem"/>
  <testcase time="0" classname="com.example.service.ShoppingCartServiceTest" name="testTotalPrice"/>
  <testcase time="0" classname="com.example.service.ShoppingCartServiceTest" name="testClearCart"/>
  <testcase time="0" classname="com.example.service.ShoppingCartServiceTest" name="testShowDetail"/>
  <testcase time="0" classname="com.example.service.ShoppingCartServiceTest" name="testDuplicateAddItem"/>
  <testcase time="0" classname="com.example.service.ShoppingCartServiceTest" name="testFiveItem"/>
  <testcase time="0" classname="com.example.service.ShoppingCartServiceTest" name="testRemoveItem"/>
  <testcase time="0" classname="com.example.service.ShoppingCartServiceTest" name="testRemoveNonExistentItem"/>
  <testcase time="0" classname="com.example.service.ShoppingCartServiceTest" name="testRemoveDuplicateItem"/>
</testsuite>